<?xml version="1.0" encoding="UTF-8" ?>
<testsuite failures="0" time="0.587" errors="0" skipped="0" tests="1" name="net.sourceforge.javydreamercsw.randoop.mojo.RandoopMojoTest">
  <properties>
    <property name="java.runtime.name" value="Java(TM) SE Runtime Environment"/>
    <property name="sun.boot.library.path" value="Z:\PortableApps\CommonFiles\jdk1.7.0_10\jre\bin"/>
    <property name="java.vm.version" value="23.6-b04"/>
    <property name="java.vm.vendor" value="Oracle Corporation"/>
    <property name="java.vendor.url" value="http://java.oracle.com/"/>
    <property name="path.separator" value=";"/>
    <property name="java.vm.name" value="Java HotSpot(TM) Client VM"/>
    <property name="file.encoding.pkg" value="sun.io"/>
    <property name="user.script" value=""/>
    <property name="user.country" value="US"/>
    <property name="sun.java.launcher" value="SUN_STANDARD"/>
    <property name="sun.os.patch.level" value="Service Pack 1"/>
    <property name="java.vm.specification.name" value="Java Virtual Machine Specification"/>
    <property name="user.dir" value="C:\Users\jortiz00\Desktop\Randoop-Maven-Plugin"/>
    <property name="java.runtime.version" value="1.7.0_10-ea-b16"/>
    <property name="java.awt.graphicsenv" value="sun.awt.Win32GraphicsEnvironment"/>
    <property name="basedir" value="C:\Users\jortiz00\Desktop\Randoop-Maven-Plugin"/>
    <property name="java.endorsed.dirs" value="Z:\PortableApps\CommonFiles\jdk1.7.0_10\jre\lib\endorsed"/>
    <property name="os.arch" value="x86"/>
    <property name="surefire.real.class.path" value="C:\Users\jortiz00\AppData\Local\Temp\surefirebooter7544402446421925485.jar"/>
    <property name="java.io.tmpdir" value="C:\Users\jortiz00\AppData\Local\Temp\"/>
    <property name="line.separator" value="
"/>
    <property name="java.vm.specification.vendor" value="Oracle Corporation"/>
    <property name="user.variant" value=""/>
    <property name="os.name" value="Windows 7"/>
    <property name="sun.jnu.encoding" value="Cp1252"/>
    <property name="java.library.path" value="Z:\PortableApps\CommonFiles\jdk1.7.0_10\jre\bin;C:\Windows\Sun\Java\bin;C:\Windows\system32;C:\Windows;C:\Perl\site\bin;C:\Perl\bin;C:\GTK\bin;C:\Program Files\Microsoft ASP.NET\ASP.NET Web Pages\v1.0\;C:\Program Files\Windows Kits\8.0\Windows Performance Toolkit\;C:\Program Files\Microsoft SQL Server\110\Tools\Binn\;C:\Program Files\TortoiseHg\;C:\Program Files\TortoiseGit\bin;C:\Windows\System32;C:\Program Files\GNU\GnuPG;Z:\Program Files\apache-maven-2.2.1\bin;C:\Program Files\TortoiseSVN\bin;C:\Program Files\Java\jdk1.7.0_10\bin;C:\apache-ant-1.8.0\bin;C:\Python27;C:\Python27\Scripts;C:\Program Files\QuickTime\QTSystem\;C:\Program Files\CVSNT\;."/>
    <property name="surefire.test.class.path" value="C:\Users\jortiz00\Desktop\Randoop-Maven-Plugin\target\test-classes;C:\Users\jortiz00\Desktop\Randoop-Maven-Plugin\target\classes;C:\Users\jortiz00\.m2\repository\org\apache\maven\maven-plugin-api\2.2.1\maven-plugin-api-2.2.1.jar;C:\Users\jortiz00\.m2\repository\junit\junit\4.10\junit-4.10.jar;C:\Users\jortiz00\.m2\repository\org\hamcrest\hamcrest-core\1.1\hamcrest-core-1.1.jar;C:\Users\jortiz00\.m2\repository\randoop\randoop\1.3.2\randoop-1.3.2.jar;C:\Users\jortiz00\.m2\repository\org\apache\maven\maven-project\2.2.1\maven-project-2.2.1.jar;C:\Users\jortiz00\.m2\repository\org\apache\maven\maven-settings\2.2.1\maven-settings-2.2.1.jar;C:\Users\jortiz00\.m2\repository\org\apache\maven\maven-model\2.2.1\maven-model-2.2.1.jar;C:\Users\jortiz00\.m2\repository\org\codehaus\plexus\plexus-utils\1.5.15\plexus-utils-1.5.15.jar;C:\Users\jortiz00\.m2\repository\org\codehaus\plexus\plexus-interpolation\1.11\plexus-interpolation-1.11.jar;C:\Users\jortiz00\.m2\repository\org\codehaus\plexus\plexus-container-default\1.0-alpha-9-stable-1\plexus-container-default-1.0-alpha-9-stable-1.jar;C:\Users\jortiz00\.m2\repository\classworlds\classworlds\1.1-alpha-2\classworlds-1.1-alpha-2.jar;C:\Users\jortiz00\.m2\repository\org\apache\maven\maven-profile\2.2.1\maven-profile-2.2.1.jar;C:\Users\jortiz00\.m2\repository\org\apache\maven\maven-artifact-manager\2.2.1\maven-artifact-manager-2.2.1.jar;C:\Users\jortiz00\.m2\repository\org\apache\maven\maven-repository-metadata\2.2.1\maven-repository-metadata-2.2.1.jar;C:\Users\jortiz00\.m2\repository\org\apache\maven\maven-artifact\2.2.1\maven-artifact-2.2.1.jar;C:\Users\jortiz00\.m2\repository\org\apache\maven\wagon\wagon-provider-api\1.0-beta-6\wagon-provider-api-1.0-beta-6.jar;C:\Users\jortiz00\.m2\repository\backport-util-concurrent\backport-util-concurrent\3.1\backport-util-concurrent-3.1.jar;C:\Users\jortiz00\.m2\repository\org\apache\maven\maven-plugin-registry\2.2.1\maven-plugin-registry-2.2.1.jar;C:\Users\jortiz00\.m2\repository\org\apache\maven\shared\maven-plugin-testing-harness\1.1\maven-plugin-testing-harness-1.1.jar;C:\Users\jortiz00\.m2\repository\org\apache\maven\maven-core\2.0\maven-core-2.0.jar;C:\Users\jortiz00\.m2\repository\org\apache\maven\wagon\wagon-file\1.0-alpha-5\wagon-file-1.0-alpha-5.jar;C:\Users\jortiz00\.m2\repository\org\apache\maven\maven-plugin-parameter-documenter\2.0\maven-plugin-parameter-documenter-2.0.jar;C:\Users\jortiz00\.m2\repository\org\apache\maven\wagon\wagon-http-lightweight\1.0-alpha-5\wagon-http-lightweight-1.0-alpha-5.jar;C:\Users\jortiz00\.m2\repository\org\apache\maven\reporting\maven-reporting-api\2.0\maven-reporting-api-2.0.jar;C:\Users\jortiz00\.m2\repository\doxia\doxia-sink-api\1.0-alpha-4\doxia-sink-api-1.0-alpha-4.jar;C:\Users\jortiz00\.m2\repository\org\apache\maven\maven-error-diagnostics\2.0\maven-error-diagnostics-2.0.jar;C:\Users\jortiz00\.m2\repository\commons-cli\commons-cli\1.0\commons-cli-1.0.jar;C:\Users\jortiz00\.m2\repository\org\apache\maven\maven-plugin-descriptor\2.0\maven-plugin-descriptor-2.0.jar;C:\Users\jortiz00\.m2\repository\org\codehaus\plexus\plexus-interactivity-api\1.0-alpha-4\plexus-interactivity-api-1.0-alpha-4.jar;C:\Users\jortiz00\.m2\repository\org\apache\maven\maven-monitor\2.0\maven-monitor-2.0.jar;C:\Users\jortiz00\.m2\repository\org\apache\maven\wagon\wagon-ssh\1.0-alpha-5\wagon-ssh-1.0-alpha-5.jar;C:\Users\jortiz00\.m2\repository\com\jcraft\jsch\0.1.23\jsch-0.1.23.jar;C:\Users\jortiz00\.m2\repository\org\codehaus\plexus\plexus-archiver\1.0-alpha-7\plexus-archiver-1.0-alpha-7.jar;C:\Users\jortiz00\.m2\repository\org\apache\maven\plugin-tools\maven-plugin-annotations\3.2\maven-plugin-annotations-3.2.jar;C:\Users\jortiz00\.m2\repository\org\fuin\utils4j\0.6.8\utils4j-0.6.8.jar;"/>
    <property name="java.specification.name" value="Java Platform API Specification"/>
    <property name="java.class.version" value="51.0"/>
    <property name="sun.management.compiler" value="HotSpot Client Compiler"/>
    <property name="os.version" value="6.1"/>
    <property name="user.home" value="C:\Users\jortiz00"/>
    <property name="user.timezone" value="America/Chicago"/>
    <property name="java.awt.printerjob" value="sun.awt.windows.WPrinterJob"/>
    <property name="java.specification.version" value="1.7"/>
    <property name="file.encoding" value="Cp1252"/>
    <property name="user.name" value="jortiz00"/>
    <property name="java.class.path" value="C:\Users\jortiz00\Desktop\Randoop-Maven-Plugin\target\test-classes;C:\Users\jortiz00\Desktop\Randoop-Maven-Plugin\target\classes;C:\Users\jortiz00\.m2\repository\org\apache\maven\maven-plugin-api\2.2.1\maven-plugin-api-2.2.1.jar;C:\Users\jortiz00\.m2\repository\junit\junit\4.10\junit-4.10.jar;C:\Users\jortiz00\.m2\repository\org\hamcrest\hamcrest-core\1.1\hamcrest-core-1.1.jar;C:\Users\jortiz00\.m2\repository\randoop\randoop\1.3.2\randoop-1.3.2.jar;C:\Users\jortiz00\.m2\repository\org\apache\maven\maven-project\2.2.1\maven-project-2.2.1.jar;C:\Users\jortiz00\.m2\repository\org\apache\maven\maven-settings\2.2.1\maven-settings-2.2.1.jar;C:\Users\jortiz00\.m2\repository\org\apache\maven\maven-model\2.2.1\maven-model-2.2.1.jar;C:\Users\jortiz00\.m2\repository\org\codehaus\plexus\plexus-utils\1.5.15\plexus-utils-1.5.15.jar;C:\Users\jortiz00\.m2\repository\org\codehaus\plexus\plexus-interpolation\1.11\plexus-interpolation-1.11.jar;C:\Users\jortiz00\.m2\repository\org\codehaus\plexus\plexus-container-default\1.0-alpha-9-stable-1\plexus-container-default-1.0-alpha-9-stable-1.jar;C:\Users\jortiz00\.m2\repository\classworlds\classworlds\1.1-alpha-2\classworlds-1.1-alpha-2.jar;C:\Users\jortiz00\.m2\repository\org\apache\maven\maven-profile\2.2.1\maven-profile-2.2.1.jar;C:\Users\jortiz00\.m2\repository\org\apache\maven\maven-artifact-manager\2.2.1\maven-artifact-manager-2.2.1.jar;C:\Users\jortiz00\.m2\repository\org\apache\maven\maven-repository-metadata\2.2.1\maven-repository-metadata-2.2.1.jar;C:\Users\jortiz00\.m2\repository\org\apache\maven\maven-artifact\2.2.1\maven-artifact-2.2.1.jar;C:\Users\jortiz00\.m2\repository\org\apache\maven\wagon\wagon-provider-api\1.0-beta-6\wagon-provider-api-1.0-beta-6.jar;C:\Users\jortiz00\.m2\repository\backport-util-concurrent\backport-util-concurrent\3.1\backport-util-concurrent-3.1.jar;C:\Users\jortiz00\.m2\repository\org\apache\maven\maven-plugin-registry\2.2.1\maven-plugin-registry-2.2.1.jar;C:\Users\jortiz00\.m2\repository\org\apache\maven\shared\maven-plugin-testing-harness\1.1\maven-plugin-testing-harness-1.1.jar;C:\Users\jortiz00\.m2\repository\org\apache\maven\maven-core\2.0\maven-core-2.0.jar;C:\Users\jortiz00\.m2\repository\org\apache\maven\wagon\wagon-file\1.0-alpha-5\wagon-file-1.0-alpha-5.jar;C:\Users\jortiz00\.m2\repository\org\apache\maven\maven-plugin-parameter-documenter\2.0\maven-plugin-parameter-documenter-2.0.jar;C:\Users\jortiz00\.m2\repository\org\apache\maven\wagon\wagon-http-lightweight\1.0-alpha-5\wagon-http-lightweight-1.0-alpha-5.jar;C:\Users\jortiz00\.m2\repository\org\apache\maven\reporting\maven-reporting-api\2.0\maven-reporting-api-2.0.jar;C:\Users\jortiz00\.m2\repository\doxia\doxia-sink-api\1.0-alpha-4\doxia-sink-api-1.0-alpha-4.jar;C:\Users\jortiz00\.m2\repository\org\apache\maven\maven-error-diagnostics\2.0\maven-error-diagnostics-2.0.jar;C:\Users\jortiz00\.m2\repository\commons-cli\commons-cli\1.0\commons-cli-1.0.jar;C:\Users\jortiz00\.m2\repository\org\apache\maven\maven-plugin-descriptor\2.0\maven-plugin-descriptor-2.0.jar;C:\Users\jortiz00\.m2\repository\org\codehaus\plexus\plexus-interactivity-api\1.0-alpha-4\plexus-interactivity-api-1.0-alpha-4.jar;C:\Users\jortiz00\.m2\repository\org\apache\maven\maven-monitor\2.0\maven-monitor-2.0.jar;C:\Users\jortiz00\.m2\repository\org\apache\maven\wagon\wagon-ssh\1.0-alpha-5\wagon-ssh-1.0-alpha-5.jar;C:\Users\jortiz00\.m2\repository\com\jcraft\jsch\0.1.23\jsch-0.1.23.jar;C:\Users\jortiz00\.m2\repository\org\codehaus\plexus\plexus-archiver\1.0-alpha-7\plexus-archiver-1.0-alpha-7.jar;C:\Users\jortiz00\.m2\repository\org\apache\maven\plugin-tools\maven-plugin-annotations\3.2\maven-plugin-annotations-3.2.jar;C:\Users\jortiz00\.m2\repository\org\fuin\utils4j\0.6.8\utils4j-0.6.8.jar;"/>
    <property name="java.vm.specification.version" value="1.7"/>
    <property name="sun.arch.data.model" value="32"/>
    <property name="java.home" value="Z:\PortableApps\CommonFiles\jdk1.7.0_10\jre"/>
    <property name="sun.java.command" value="C:\Users\jortiz00\AppData\Local\Temp\surefirebooter7544402446421925485.jar C:\Users\jortiz00\AppData\Local\Temp\surefire8771077398311245682tmp C:\Users\jortiz00\AppData\Local\Temp\surefire6065419414665083789tmp"/>
    <property name="java.specification.vendor" value="Oracle Corporation"/>
    <property name="user.language" value="en"/>
    <property name="awt.toolkit" value="sun.awt.windows.WToolkit"/>
    <property name="java.vm.info" value="mixed mode, sharing"/>
    <property name="java.version" value="1.7.0_10-ea"/>
    <property name="java.ext.dirs" value="Z:\PortableApps\CommonFiles\jdk1.7.0_10\jre\lib\ext;C:\Windows\Sun\Java\lib\ext"/>
    <property name="sun.boot.class.path" value="Z:\PortableApps\CommonFiles\jdk1.7.0_10\jre\lib\resources.jar;Z:\PortableApps\CommonFiles\jdk1.7.0_10\jre\lib\rt.jar;Z:\PortableApps\CommonFiles\jdk1.7.0_10\jre\lib\sunrsasign.jar;Z:\PortableApps\CommonFiles\jdk1.7.0_10\jre\lib\jsse.jar;Z:\PortableApps\CommonFiles\jdk1.7.0_10\jre\lib\jce.jar;Z:\PortableApps\CommonFiles\jdk1.7.0_10\jre\lib\charsets.jar;Z:\PortableApps\CommonFiles\jdk1.7.0_10\jre\lib\jfr.jar;Z:\PortableApps\CommonFiles\jdk1.7.0_10\jre\classes"/>
    <property name="java.vendor" value="Oracle Corporation"/>
    <property name="localRepository" value="C:\Users\jortiz00\.m2\repository"/>
    <property name="file.separator" value="\"/>
    <property name="java.vendor.url.bug" value="http://bugreport.sun.com/bugreport/"/>
    <property name="sun.cpu.endian" value="little"/>
    <property name="sun.io.unicode.encoding" value="UnicodeLittle"/>
    <property name="sun.desktop" value="windows"/>
    <property name="sun.cpu.isalist" value="pentium_pro+mmx pentium_pro pentium+mmx pentium i486 i386 i86"/>
  </properties>
  <testcase time="0.47" classname="net.sourceforge.javydreamercsw.randoop.mojo.RandoopMojoTest" name="testMojoConfig"/>
</testsuite>